  [1m[35m (77.7ms)[0m  [1m[35mCREATE DATABASE "music_app_development" ENCODING = 'unicode'[0m
  [1m[35m (34.2ms)[0m  [1m[35mCREATE DATABASE "music_app_test" ENCODING = 'unicode'[0m
  [1m[35m (8.0ms)[0m  [1m[35mCREATE TABLE "schema_migrations" ("version" character varying NOT NULL PRIMARY KEY)[0m
  [1m[35m (2.0ms)[0m  [1m[35mCREATE TABLE "ar_internal_metadata" ("key" character varying NOT NULL PRIMARY KEY, "value" character varying, "created_at" timestamp(6) NOT NULL, "updated_at" timestamp(6) NOT NULL)[0m
  [1m[35m (0.1ms)[0m  [1m[34mSELECT pg_try_advisory_lock(4505726345591715405)[0m
  [1m[36mActiveRecord::SchemaMigration Pluck (0.3ms)[0m  [1m[34mSELECT "schema_migrations"."version" FROM "schema_migrations" ORDER BY "schema_migrations"."version" ASC[0m
Migrating to CreateUsers (20230808160840)
  [1m[36mTRANSACTION (0.1ms)[0m  [1m[35mBEGIN[0m
  [1m[35m (3.3ms)[0m  [1m[35mCREATE TABLE "users" ("id" bigserial primary key, "email" character varying NOT NULL, "password_digest" character varying NOT NULL, "session_token" character varying, "created_at" timestamp(6) NOT NULL, "updated_at" timestamp(6) NOT NULL)[0m
  [1m[35m (0.5ms)[0m  [1m[35mCREATE UNIQUE INDEX "index_users_on_email" ON "users" ("email")[0m
  [1m[35m (0.6ms)[0m  [1m[35mCREATE UNIQUE INDEX "index_users_on_session_token" ON "users" ("session_token")[0m
  [1m[36mActiveRecord::SchemaMigration Create (1.1ms)[0m  [1m[32mINSERT INTO "schema_migrations" ("version") VALUES ($1) RETURNING "version"[0m  [["version", "20230808160840"]]
  [1m[36mTRANSACTION (0.2ms)[0m  [1m[35mCOMMIT[0m
  [1m[36mActiveRecord::InternalMetadata Load (0.3ms)[0m  [1m[34mSELECT "ar_internal_metadata".* FROM "ar_internal_metadata" WHERE "ar_internal_metadata"."key" = $1 LIMIT $2[0m  [["key", "environment"], ["LIMIT", 1]]
  [1m[36mTRANSACTION (0.3ms)[0m  [1m[35mBEGIN[0m
  [1m[36mActiveRecord::InternalMetadata Create (1.0ms)[0m  [1m[32mINSERT INTO "ar_internal_metadata" ("key", "value", "created_at", "updated_at") VALUES ($1, $2, $3, $4) RETURNING "key"[0m  [["key", "environment"], ["value", "development"], ["created_at", "2023-08-08 16:14:19.181720"], ["updated_at", "2023-08-08 16:14:19.181720"]]
  [1m[36mTRANSACTION (0.2ms)[0m  [1m[35mCOMMIT[0m
  [1m[35m (0.2ms)[0m  [1m[34mSELECT pg_advisory_unlock(4505726345591715405)[0m
  [1m[36mActiveRecord::SchemaMigration Pluck (0.6ms)[0m  [1m[34mSELECT "schema_migrations"."version" FROM "schema_migrations" ORDER BY "schema_migrations"."version" ASC[0m
  [1m[35m (0.1ms)[0m  [1m[34mSELECT pg_try_advisory_lock(4505726345591715405)[0m
  [1m[36mActiveRecord::SchemaMigration Pluck (0.6ms)[0m  [1m[34mSELECT "schema_migrations"."version" FROM "schema_migrations" ORDER BY "schema_migrations"."version" ASC[0m
Migrating to UserEdits (20230808173841)
  [1m[36mTRANSACTION (0.2ms)[0m  [1m[35mBEGIN[0m
  [1m[35m (0.9ms)[0m  [1m[35mALTER TABLE "users" ALTER COLUMN "session_token" SET NOT NULL[0m
  [1m[36mActiveRecord::SchemaMigration Create (0.7ms)[0m  [1m[32mINSERT INTO "schema_migrations" ("version") VALUES ($1) RETURNING "version"[0m  [["version", "20230808173841"]]
  [1m[36mTRANSACTION (0.6ms)[0m  [1m[35mCOMMIT[0m
  [1m[36mActiveRecord::InternalMetadata Load (0.3ms)[0m  [1m[34mSELECT "ar_internal_metadata".* FROM "ar_internal_metadata" WHERE "ar_internal_metadata"."key" = $1 LIMIT $2[0m  [["key", "environment"], ["LIMIT", 1]]
  [1m[35m (0.2ms)[0m  [1m[34mSELECT pg_advisory_unlock(4505726345591715405)[0m
  [1m[36mActiveRecord::SchemaMigration Pluck (0.4ms)[0m  [1m[34mSELECT "schema_migrations"."version" FROM "schema_migrations" ORDER BY "schema_migrations"."version" ASC[0m
Started GET "/" for ::1 at 2023-08-08 14:56:29 -0400
  [1m[36mActiveRecord::SchemaMigration Pluck (0.8ms)[0m  [1m[34mSELECT "schema_migrations"."version" FROM "schema_migrations" ORDER BY "schema_migrations"."version" ASC[0m
Processing by Rails::WelcomeController#index as */*
  Rendering /Users/sean/.rbenv/versions/3.1.2/lib/ruby/gems/3.1.0/gems/railties-7.0.6/lib/rails/templates/rails/welcome/index.html.erb
  Rendered /Users/sean/.rbenv/versions/3.1.2/lib/ruby/gems/3.1.0/gems/railties-7.0.6/lib/rails/templates/rails/welcome/index.html.erb (Duration: 0.8ms | Allocations: 526)
Completed 200 OK in 6ms (Views: 2.4ms | ActiveRecord: 0.0ms | Allocations: 4603)


Started GET "/users/new" for ::1 at 2023-08-08 14:56:39 -0400
Processing by UsersController#new as */*
  [1m[36mUser Load (1.6ms)[0m  [1m[34mSELECT "users".* FROM "users" WHERE "users"."session_token" IS NULL LIMIT $1[0m  [["LIMIT", 1]]
  ↳ app/controllers/application_controller.rb:7:in `current_user'
  Rendering layout layouts/application.html.erb
  Rendering users/new.html.erb within layouts/application
  Rendered users/new.html.erb within layouts/application (Duration: 0.5ms | Allocations: 275)
  Rendered layout layouts/application.html.erb (Duration: 11.7ms | Allocations: 6760)
Completed 200 OK in 37ms (Views: 12.7ms | ActiveRecord: 5.9ms | Allocations: 15902)


Started GET "/session/new" for ::1 at 2023-08-08 14:56:46 -0400
Processing by SessionsController#new as */*
  [1m[36mUser Load (0.3ms)[0m  [1m[34mSELECT "users".* FROM "users" WHERE "users"."session_token" IS NULL LIMIT $1[0m  [["LIMIT", 1]]
  ↳ app/controllers/application_controller.rb:7:in `current_user'
  Rendering layout layouts/application.html.erb
  Rendering sessions/new.html.erb within layouts/application
  Rendered sessions/new.html.erb within layouts/application (Duration: 1.5ms | Allocations: 209)
  Rendered layout layouts/application.html.erb (Duration: 7.1ms | Allocations: 1468)
Completed 200 OK in 14ms (Views: 9.5ms | ActiveRecord: 0.3ms | Allocations: 3137)


Started GET "/users/new" for ::1 at 2023-08-08 14:57:32 -0400
  [1m[36mActiveRecord::SchemaMigration Pluck (0.7ms)[0m  [1m[34mSELECT "schema_migrations"."version" FROM "schema_migrations" ORDER BY "schema_migrations"."version" ASC[0m
Processing by UsersController#new as */*
  [1m[36mUser Load (1.5ms)[0m  [1m[34mSELECT "users".* FROM "users" WHERE "users"."session_token" IS NULL LIMIT $1[0m  [["LIMIT", 1]]
  ↳ app/controllers/application_controller.rb:7:in `current_user'
  Rendering layout layouts/application.html.erb
  Rendering users/new.html.erb within layouts/application
  Rendered users/new.html.erb within layouts/application (Duration: 0.8ms | Allocations: 510)
  Rendered layout layouts/application.html.erb (Duration: 4.0ms | Allocations: 3817)
Completed 200 OK in 22ms (Views: 9.5ms | ActiveRecord: 5.8ms | Allocations: 16311)


Started GET "/users/new" for ::1 at 2023-08-08 14:58:25 -0400
Processing by UsersController#new as HTML
  [1m[36mUser Load (0.3ms)[0m  [1m[34mSELECT "users".* FROM "users" WHERE "users"."session_token" IS NULL LIMIT $1[0m  [["LIMIT", 1]]
  ↳ app/controllers/application_controller.rb:7:in `current_user'
  Rendering layout layouts/application.html.erb
  Rendering users/new.html.erb within layouts/application
  Rendered users/new.html.erb within layouts/application (Duration: 0.2ms | Allocations: 39)
  Rendered layout layouts/application.html.erb (Duration: 3.2ms | Allocations: 1110)
Completed 200 OK in 7ms (Views: 3.8ms | ActiveRecord: 0.3ms | Allocations: 2268)


Started POST "/users" for ::1 at 2023-08-08 14:58:28 -0400
Processing by UsersController#create as HTML
  Parameters: {"user"=>{"email"=>"dfafd", "password"=>"[FILTERED]"}}
  [1m[36mUser Load (0.3ms)[0m  [1m[34mSELECT "users".* FROM "users" WHERE "users"."session_token" IS NULL LIMIT $1[0m  [["LIMIT", 1]]
  ↳ app/controllers/application_controller.rb:7:in `current_user'
Completed 500 Internal Server Error in 11ms (ActiveRecord: 0.3ms | Allocations: 4326)



NameError - uninitialized constant User::BCrypt
        self.password_digest = BCrypt::Password.new(password)
                               ^^^^^^:
  app/models/user.rb:25:in `password='
  app/controllers/users_controller.rb:21:in `create'

Started POST "/__better_errors/13424327eae2fc2d/variables" for ::1 at 2023-08-08 14:58:29 -0400
Started GET "/users/new" for ::1 at 2023-08-08 15:00:11 -0400
  [1m[36mActiveRecord::SchemaMigration Pluck (1.0ms)[0m  [1m[34mSELECT "schema_migrations"."version" FROM "schema_migrations" ORDER BY "schema_migrations"."version" ASC[0m
Processing by UsersController#new as HTML
  [1m[36mUser Load (0.5ms)[0m  [1m[34mSELECT "users".* FROM "users" WHERE "users"."session_token" IS NULL LIMIT $1[0m  [["LIMIT", 1]]
  ↳ app/controllers/application_controller.rb:7:in `current_user'
  Rendering layout layouts/application.html.erb
  Rendering users/new.html.erb within layouts/application
  Rendered users/new.html.erb within layouts/application (Duration: 1.0ms | Allocations: 510)
  Rendered layout layouts/application.html.erb (Duration: 3.8ms | Allocations: 3814)
Completed 200 OK in 23ms (Views: 8.9ms | ActiveRecord: 6.7ms | Allocations: 16300)


Started POST "/users" for ::1 at 2023-08-08 15:00:14 -0400
Processing by UsersController#create as HTML
  Parameters: {"user"=>{"email"=>"dfsfds", "password"=>"[FILTERED]"}}
  [1m[36mUser Load (0.5ms)[0m  [1m[34mSELECT "users".* FROM "users" WHERE "users"."session_token" IS NULL LIMIT $1[0m  [["LIMIT", 1]]
  ↳ app/controllers/application_controller.rb:7:in `current_user'
Completed 500 Internal Server Error in 11ms (ActiveRecord: 0.5ms | Allocations: 4345)



NameError - uninitialized constant User::BCrypt
        self.password_digest = BCrypt::Password.new(password)
                               ^^^^^^:
  app/models/user.rb:25:in `password='
  app/controllers/users_controller.rb:21:in `create'

Started POST "/__better_errors/483f36190f4bf2da/variables" for ::1 at 2023-08-08 15:00:14 -0400
Started POST "/__better_errors/483f36190f4bf2da/variables" for ::1 at 2023-08-08 15:00:17 -0400
Started GET "/users/new" for ::1 at 2023-08-08 15:03:00 -0400
Processing by UsersController#new as HTML
  [1m[36mUser Load (0.1ms)[0m  [1m[34mSELECT "users".* FROM "users" WHERE "users"."session_token" IS NULL LIMIT $1[0m  [["LIMIT", 1]]
  ↳ app/controllers/application_controller.rb:7:in `current_user'
  Rendering layout layouts/application.html.erb
  Rendering users/new.html.erb within layouts/application
  Rendered users/new.html.erb within layouts/application (Duration: 0.1ms | Allocations: 78)
  Rendered layout layouts/application.html.erb (Duration: 1.2ms | Allocations: 1345)
Completed 200 OK in 8ms (Views: 1.8ms | ActiveRecord: 3.2ms | Allocations: 5759)


Started POST "/users" for ::1 at 2023-08-08 15:03:04 -0400
Processing by UsersController#create as HTML
  Parameters: {"user"=>{"email"=>"asdf", "password"=>"[FILTERED]"}}
  [1m[36mUser Load (0.5ms)[0m  [1m[34mSELECT "users".* FROM "users" WHERE "users"."session_token" IS NULL LIMIT $1[0m  [["LIMIT", 1]]
  ↳ app/controllers/application_controller.rb:7:in `current_user'
Completed 500 Internal Server Error in 12ms (ActiveRecord: 0.5ms | Allocations: 4121)



NameError - uninitialized constant User::BCrypt
        self.password_digest = BCrypt::Password.new(password)
                               ^^^^^^:
  app/models/user.rb:25:in `password='
  app/controllers/users_controller.rb:21:in `create'

Started POST "/__better_errors/cb29a295ca6f768f/variables" for ::1 at 2023-08-08 15:03:05 -0400
Started POST "/__better_errors/cb29a295ca6f768f/variables" for ::1 at 2023-08-08 15:03:08 -0400
Started POST "/__better_errors/cb29a295ca6f768f/variables" for ::1 at 2023-08-08 15:07:37 -0400
Started GET "/users/new" for ::1 at 2023-08-08 15:07:40 -0400
Processing by UsersController#new as HTML
  [1m[36mUser Load (0.3ms)[0m  [1m[34mSELECT "users".* FROM "users" WHERE "users"."session_token" IS NULL LIMIT $1[0m  [["LIMIT", 1]]
  ↳ app/controllers/application_controller.rb:7:in `current_user'
  Rendering layout layouts/application.html.erb
  Rendering users/new.html.erb within layouts/application
  Rendered users/new.html.erb within layouts/application (Duration: 0.2ms | Allocations: 39)
  Rendered layout layouts/application.html.erb (Duration: 18.2ms | Allocations: 1087)
Completed 200 OK in 33ms (Views: 23.2ms | ActiveRecord: 0.3ms | Allocations: 2159)


Started POST "/users" for ::1 at 2023-08-08 15:07:43 -0400
Processing by UsersController#create as HTML
  Parameters: {"user"=>{"email"=>"asedfasdf", "password"=>"[FILTERED]"}}
  [1m[36mUser Load (0.2ms)[0m  [1m[34mSELECT "users".* FROM "users" WHERE "users"."session_token" IS NULL LIMIT $1[0m  [["LIMIT", 1]]
  ↳ app/controllers/application_controller.rb:7:in `current_user'
Completed 500 Internal Server Error in 4ms (ActiveRecord: 0.2ms | Allocations: 3916)



NameError - uninitialized constant User::BCrypt
        self.password_digest = BCrypt::Password.new(password)
                               ^^^^^^:
  app/models/user.rb:25:in `password='
  app/controllers/users_controller.rb:21:in `create'

Started POST "/__better_errors/55460dbe554b8f9c/variables" for ::1 at 2023-08-08 15:07:44 -0400
Started POST "/users" for ::1 at 2023-08-08 15:09:36 -0400
  [1m[36mActiveRecord::SchemaMigration Pluck (1.0ms)[0m  [1m[34mSELECT "schema_migrations"."version" FROM "schema_migrations" ORDER BY "schema_migrations"."version" ASC[0m
Processing by UsersController#create as HTML
  Parameters: {"user"=>{"email"=>"asdfasdf", "password"=>"[FILTERED]"}}
  [1m[36mUser Load (0.8ms)[0m  [1m[34mSELECT "users".* FROM "users" WHERE "users"."session_token" IS NULL LIMIT $1[0m  [["LIMIT", 1]]
  ↳ app/controllers/application_controller.rb:7:in `current_user'
Completed 500 Internal Server Error in 13ms (ActiveRecord: 6.4ms | Allocations: 9320)



BCrypt::Errors::InvalidHash - invalid hash:
  app/models/user.rb:25:in `password='
  app/controllers/users_controller.rb:21:in `create'

Started POST "/__better_errors/4c8fca67135fddb3/variables" for ::1 at 2023-08-08 15:09:36 -0400
Started GET "/users/new" for ::1 at 2023-08-08 15:12:34 -0400
Processing by UsersController#new as HTML
  [1m[36mUser Load (0.2ms)[0m  [1m[34mSELECT "users".* FROM "users" WHERE "users"."session_token" IS NULL LIMIT $1[0m  [["LIMIT", 1]]
  ↳ app/controllers/application_controller.rb:7:in `current_user'
  Rendering layout layouts/application.html.erb
  Rendering users/new.html.erb within layouts/application
  Rendered users/new.html.erb within layouts/application (Duration: 0.9ms | Allocations: 485)
  Rendered layout layouts/application.html.erb (Duration: 3.7ms | Allocations: 3771)
Completed 200 OK in 18ms (Views: 10.1ms | ActiveRecord: 4.9ms | Allocations: 11651)


Started POST "/users" for ::1 at 2023-08-08 15:12:38 -0400
Processing by UsersController#create as HTML
  Parameters: {"user"=>{"email"=>"asdasd", "password"=>"[FILTERED]"}}
  [1m[36mUser Load (1.1ms)[0m  [1m[34mSELECT "users".* FROM "users" WHERE "users"."session_token" IS NULL LIMIT $1[0m  [["LIMIT", 1]]
  ↳ app/controllers/application_controller.rb:7:in `current_user'
  [1m[36mTRANSACTION (0.2ms)[0m  [1m[35mBEGIN[0m
  ↳ app/controllers/users_controller.rb:23:in `create'
  [1m[36mUser Exists? (0.6ms)[0m  [1m[34mSELECT 1 AS one FROM "users" WHERE "users"."email" = $1 LIMIT $2[0m  [["email", "asdasd"], ["LIMIT", 1]]
  ↳ app/controllers/users_controller.rb:23:in `create'
  [1m[36mUser Exists? (0.2ms)[0m  [1m[34mSELECT 1 AS one FROM "users" WHERE "users"."session_token" = $1 LIMIT $2[0m  [["session_token", "[FILTERED]"], ["LIMIT", 1]]
  ↳ app/controllers/users_controller.rb:23:in `create'
  [1m[36mUser Create (2.1ms)[0m  [1m[32mINSERT INTO "users" ("email", "password_digest", "session_token", "created_at", "updated_at") VALUES ($1, $2, $3, $4, $5) RETURNING "id"[0m  [["email", "asdasd"], ["password_digest", "[FILTERED]"], ["session_token", "[FILTERED]"], ["created_at", "2023-08-08 19:12:39.198476"], ["updated_at", "2023-08-08 19:12:39.198476"]]
  ↳ app/controllers/users_controller.rb:23:in `create'
  [1m[36mTRANSACTION (1.0ms)[0m  [1m[35mCOMMIT[0m
  ↳ app/controllers/users_controller.rb:23:in `create'
  [1m[36mTRANSACTION (0.1ms)[0m  [1m[35mBEGIN[0m
  ↳ app/models/user.rb:39:in `reset_session_token!'
  [1m[36mUser Exists? (0.2ms)[0m  [1m[34mSELECT 1 AS one FROM "users" WHERE "users"."email" = $1 AND "users"."id" != $2 LIMIT $3[0m  [["email", "asdasd"], ["id", 1], ["LIMIT", 1]]
  ↳ app/models/user.rb:39:in `reset_session_token!'
  [1m[36mUser Exists? (0.2ms)[0m  [1m[34mSELECT 1 AS one FROM "users" WHERE "users"."session_token" = $1 AND "users"."id" != $2 LIMIT $3[0m  [["session_token", "[FILTERED]"], ["id", 1], ["LIMIT", 1]]
  ↳ app/models/user.rb:39:in `reset_session_token!'
  [1m[36mUser Update (0.6ms)[0m  [1m[33mUPDATE "users" SET "session_token" = $1, "updated_at" = $2 WHERE "users"."id" = $3[0m  [["session_token", "[FILTERED]"], ["updated_at", "2023-08-08 19:12:39.217303"], ["id", 1]]
  ↳ app/models/user.rb:39:in `reset_session_token!'
  [1m[36mTRANSACTION (0.3ms)[0m  [1m[35mCOMMIT[0m
  ↳ app/models/user.rb:39:in `reset_session_token!'
Redirected to http://localhost:3000/users/1
Completed 302 Found in 304ms (ActiveRecord: 6.6ms | Allocations: 10813)


Started GET "/users/1" for ::1 at 2023-08-08 15:12:39 -0400
Processing by UsersController#show as HTML
  Parameters: {"id"=>"1"}
  [1m[36mUser Load (0.2ms)[0m  [1m[34mSELECT "users".* FROM "users" WHERE "users"."session_token" = $1 LIMIT $2[0m  [["session_token", "[FILTERED]"], ["LIMIT", 1]]
  ↳ app/controllers/application_controller.rb:7:in `current_user'
Completed 404 Not Found in 1ms (ActiveRecord: 0.2ms | Allocations: 1579)



ActiveRecord::RecordNotFound - Couldn't find User without an ID:
  app/controllers/users_controller.rb:11:in `show'

Started POST "/__better_errors/fed7f06cf12b3861/variables" for ::1 at 2023-08-08 15:12:39 -0400
  [1m[36mUser Load (0.4ms)[0m  [1m[34mSELECT "users".* FROM "users" ORDER BY "users"."id" DESC LIMIT $1[0m  [["LIMIT", 1]]
Started GET "/users/1" for ::1 at 2023-08-08 15:39:51 -0400
  [1m[36mActiveRecord::SchemaMigration Pluck (0.8ms)[0m  [1m[34mSELECT "schema_migrations"."version" FROM "schema_migrations" ORDER BY "schema_migrations"."version" ASC[0m
Processing by UsersController#show as HTML
  Parameters: {"id"=>"1"}
  [1m[36mUser Load (0.7ms)[0m  [1m[34mSELECT "users".* FROM "users" WHERE "users"."session_token" = $1 LIMIT $2[0m  [["session_token", "[FILTERED]"], ["LIMIT", 1]]
  ↳ app/controllers/application_controller.rb:7:in `current_user'
Completed 404 Not Found in 12ms (ActiveRecord: 5.1ms | Allocations: 9758)



ActiveRecord::RecordNotFound - Couldn't find User without an ID:
  app/controllers/users_controller.rb:11:in `show'

Started POST "/__better_errors/210f1e2994baf11f/variables" for ::1 at 2023-08-08 15:39:52 -0400
Started GET "/users/new" for ::1 at 2023-08-08 15:39:57 -0400
Processing by UsersController#new as HTML
  [1m[36mUser Load (0.5ms)[0m  [1m[34mSELECT "users".* FROM "users" WHERE "users"."session_token" = $1 LIMIT $2[0m  [["session_token", "[FILTERED]"], ["LIMIT", 1]]
  ↳ app/controllers/application_controller.rb:7:in `current_user'
Redirected to http://localhost:3000/users
Filter chain halted as :require_logged_out rendered or redirected
Completed 302 Found in 4ms (ActiveRecord: 0.5ms | Allocations: 1148)


Started GET "/users" for ::1 at 2023-08-08 15:39:57 -0400
  
ActionController::RoutingError (No route matches [GET] "/users"):
  
Started GET "/users/new" for ::1 at 2023-08-08 15:40:03 -0400
Processing by UsersController#new as HTML
  [1m[36mUser Load (0.6ms)[0m  [1m[34mSELECT "users".* FROM "users" WHERE "users"."session_token" = $1 LIMIT $2[0m  [["session_token", "[FILTERED]"], ["LIMIT", 1]]
  ↳ app/controllers/application_controller.rb:7:in `current_user'
Redirected to http://localhost:3000/users
Filter chain halted as :require_logged_out rendered or redirected
Completed 302 Found in 5ms (ActiveRecord: 0.6ms | Allocations: 988)


Started GET "/users" for ::1 at 2023-08-08 15:40:03 -0400
  
ActionController::RoutingError (No route matches [GET] "/users"):
  
Started GET "/users/new" for ::1 at 2023-08-08 15:40:29 -0400
Processing by UsersController#new as HTML
  [1m[36mUser Load (0.7ms)[0m  [1m[34mSELECT "users".* FROM "users" WHERE "users"."session_token" = $1 LIMIT $2[0m  [["session_token", "[FILTERED]"], ["LIMIT", 1]]
  ↳ app/controllers/application_controller.rb:7:in `current_user'
Redirected to http://localhost:3000/users
Filter chain halted as :require_logged_out rendered or redirected
Completed 302 Found in 5ms (ActiveRecord: 0.7ms | Allocations: 871)


Started GET "/users" for ::1 at 2023-08-08 15:40:29 -0400
  
ActionController::RoutingError (No route matches [GET] "/users"):
  
Started GET "/users/new" for ::1 at 2023-08-08 15:41:10 -0400
  [1m[36mActiveRecord::SchemaMigration Pluck (1.0ms)[0m  [1m[34mSELECT "schema_migrations"."version" FROM "schema_migrations" ORDER BY "schema_migrations"."version" ASC[0m
Processing by UsersController#new as HTML
  [1m[36mUser Load (0.5ms)[0m  [1m[34mSELECT "users".* FROM "users" WHERE "users"."session_token" = $1 LIMIT $2[0m  [["session_token", "[FILTERED]"], ["LIMIT", 1]]
  ↳ app/controllers/application_controller.rb:7:in `current_user'
Redirected to http://localhost:3000/users
Filter chain halted as :require_logged_out rendered or redirected
Completed 302 Found in 13ms (ActiveRecord: 5.8ms | Allocations: 9438)


Started GET "/users" for ::1 at 2023-08-08 15:41:10 -0400
  
ActionController::RoutingError (No route matches [GET] "/users"):
  
Started GET "/users/new" for ::1 at 2023-08-08 15:41:49 -0400
  [1m[36mActiveRecord::SchemaMigration Pluck (0.7ms)[0m  [1m[34mSELECT "schema_migrations"."version" FROM "schema_migrations" ORDER BY "schema_migrations"."version" ASC[0m
Processing by UsersController#new as HTML
  [1m[36mUser Load (0.5ms)[0m  [1m[34mSELECT "users".* FROM "users" WHERE "users"."session_token" = $1 LIMIT $2[0m  [["session_token", "[FILTERED]"], ["LIMIT", 1]]
  ↳ app/controllers/application_controller.rb:7:in `current_user'
Redirected to http://localhost:3000/users
Filter chain halted as :require_logged_out rendered or redirected
Completed 302 Found in 13ms (ActiveRecord: 5.3ms | Allocations: 9462)


Started GET "/users" for ::1 at 2023-08-08 15:41:49 -0400
  
ActionController::RoutingError (No route matches [GET] "/users"):
  
Started GET "/users" for ::1 at 2023-08-08 15:42:35 -0400
  
ActionController::RoutingError (No route matches [GET] "/users"):
  
Started GET "/users/new" for ::1 at 2023-08-08 15:42:38 -0400
Processing by UsersController#new as HTML
  [1m[36mUser Load (0.4ms)[0m  [1m[34mSELECT "users".* FROM "users" WHERE "users"."session_token" = $1 LIMIT $2[0m  [["session_token", "[FILTERED]"], ["LIMIT", 1]]
  ↳ app/controllers/application_controller.rb:7:in `current_user'
Redirected to http://localhost:3000/users
Filter chain halted as :require_logged_out rendered or redirected
Completed 302 Found in 17ms (ActiveRecord: 4.4ms | Allocations: 4125)


Started GET "/users" for ::1 at 2023-08-08 15:42:38 -0400
  
ActionController::RoutingError (No route matches [GET] "/users"):
  
Started GET "/" for ::1 at 2023-08-08 15:42:41 -0400
Processing by Rails::WelcomeController#index as HTML
  Rendering /Users/sean/.rbenv/versions/3.1.2/lib/ruby/gems/3.1.0/gems/railties-7.0.6/lib/rails/templates/rails/welcome/index.html.erb
  Rendered /Users/sean/.rbenv/versions/3.1.2/lib/ruby/gems/3.1.0/gems/railties-7.0.6/lib/rails/templates/rails/welcome/index.html.erb (Duration: 0.8ms | Allocations: 285)
Completed 200 OK in 2ms (Views: 1.4ms | ActiveRecord: 0.0ms | Allocations: 1208)


Started GET "/new" for ::1 at 2023-08-08 15:42:44 -0400
  
ActionController::RoutingError (No route matches [GET] "/new"):
  
Started GET "/users/new" for ::1 at 2023-08-08 15:42:47 -0400
Processing by UsersController#new as HTML
  [1m[36mUser Load (0.3ms)[0m  [1m[34mSELECT "users".* FROM "users" WHERE "users"."session_token" = $1 LIMIT $2[0m  [["session_token", "[FILTERED]"], ["LIMIT", 1]]
  ↳ app/controllers/application_controller.rb:7:in `current_user'
Redirected to http://localhost:3000/users
Filter chain halted as :require_logged_out rendered or redirected
Completed 302 Found in 3ms (ActiveRecord: 0.3ms | Allocations: 969)


Started GET "/users" for ::1 at 2023-08-08 15:42:47 -0400
  
ActionController::RoutingError (No route matches [GET] "/users"):
  
Started GET "/sessions/new" for ::1 at 2023-08-08 15:42:58 -0400
  
ActionController::RoutingError (No route matches [GET] "/sessions/new"):
  
Started GET "/session/new" for ::1 at 2023-08-08 15:43:02 -0400
Processing by SessionsController#new as HTML
  [1m[36mUser Load (0.7ms)[0m  [1m[34mSELECT "users".* FROM "users" WHERE "users"."session_token" = $1 LIMIT $2[0m  [["session_token", "[FILTERED]"], ["LIMIT", 1]]
  ↳ app/controllers/application_controller.rb:7:in `current_user'
Redirected to http://localhost:3000/users
Filter chain halted as :require_logged_out rendered or redirected
Completed 302 Found in 5ms (ActiveRecord: 0.7ms | Allocations: 1120)


Started GET "/users" for ::1 at 2023-08-08 15:43:02 -0400
  
ActionController::RoutingError (No route matches [GET] "/users"):
  
Started GET "/sessions/new" for ::1 at 2023-08-08 15:43:06 -0400
  
ActionController::RoutingError (No route matches [GET] "/sessions/new"):
  
Started GET "/sessions/session/new" for ::1 at 2023-08-08 15:43:29 -0400
  [1m[36mActiveRecord::SchemaMigration Pluck (1.1ms)[0m  [1m[34mSELECT "schema_migrations"."version" FROM "schema_migrations" ORDER BY "schema_migrations"."version" ASC[0m
  
ActionController::RoutingError (No route matches [GET] "/sessions/session/new"):
  
Started GET "/sessions/sessions/new" for ::1 at 2023-08-08 15:43:44 -0400
  
ActionController::RoutingError (No route matches [GET] "/sessions/sessions/new"):
  
Started GET "/sessions/new" for ::1 at 2023-08-08 15:43:54 -0400
  
ActionController::RoutingError (No route matches [GET] "/sessions/new"):
  
Started GET "/session/new" for ::1 at 2023-08-08 15:44:27 -0400
  [1m[36mActiveRecord::SchemaMigration Pluck (1.4ms)[0m  [1m[34mSELECT "schema_migrations"."version" FROM "schema_migrations" ORDER BY "schema_migrations"."version" ASC[0m
Processing by SessionsController#new as HTML
  [1m[36mUser Load (0.7ms)[0m  [1m[34mSELECT "users".* FROM "users" WHERE "users"."session_token" = $1 LIMIT $2[0m  [["session_token", "[FILTERED]"], ["LIMIT", 1]]
  ↳ app/controllers/application_controller.rb:7:in `current_user'
Redirected to http://localhost:3000/users
Filter chain halted as :require_logged_out rendered or redirected
Completed 302 Found in 13ms (ActiveRecord: 5.1ms | Allocations: 9443)


Started GET "/users" for ::1 at 2023-08-08 15:44:27 -0400
  
ActionController::RoutingError (No route matches [GET] "/users"):
  
Started GET "/session/new" for ::1 at 2023-08-08 15:44:35 -0400
Processing by SessionsController#new as HTML
  [1m[36mUser Load (0.3ms)[0m  [1m[34mSELECT "users".* FROM "users" WHERE "users"."session_token" = $1 LIMIT $2[0m  [["session_token", "[FILTERED]"], ["LIMIT", 1]]
  ↳ app/controllers/application_controller.rb:7:in `current_user'
Redirected to http://localhost:3000/users
Filter chain halted as :require_logged_out rendered or redirected
Completed 302 Found in 3ms (ActiveRecord: 0.3ms | Allocations: 972)


Started GET "/users" for ::1 at 2023-08-08 15:44:35 -0400
  
ActionController::RoutingError (No route matches [GET] "/users"):
  
Started GET "/users/new" for ::1 at 2023-08-08 16:05:37 -0400
  [1m[36mActiveRecord::SchemaMigration Pluck (0.8ms)[0m  [1m[34mSELECT "schema_migrations"."version" FROM "schema_migrations" ORDER BY "schema_migrations"."version" ASC[0m
Processing by UsersController#new as HTML
  [1m[36mUser Load (0.7ms)[0m  [1m[34mSELECT "users".* FROM "users" WHERE "users"."session_token" = $1 LIMIT $2[0m  [["session_token", "[FILTERED]"], ["LIMIT", 1]]
  ↳ app/controllers/application_controller.rb:7:in `current_user'
Redirected to http://localhost:3000/users
Filter chain halted as :require_logged_out rendered or redirected
Completed 302 Found in 12ms (ActiveRecord: 4.6ms | Allocations: 9429)


Started GET "/users" for ::1 at 2023-08-08 16:05:37 -0400
  
ActionController::RoutingError (No route matches [GET] "/users"):
  
Started GET "/session/new" for ::1 at 2023-08-08 16:06:08 -0400
Processing by SessionsController#new as HTML
  [1m[36mUser Load (0.6ms)[0m  [1m[34mSELECT "users".* FROM "users" WHERE "users"."session_token" = $1 LIMIT $2[0m  [["session_token", "[FILTERED]"], ["LIMIT", 1]]
  ↳ app/controllers/application_controller.rb:7:in `current_user'
Redirected to http://localhost:3000/users
Filter chain halted as :require_logged_out rendered or redirected
Completed 302 Found in 6ms (ActiveRecord: 0.6ms | Allocations: 1148)


Started GET "/users" for ::1 at 2023-08-08 16:06:08 -0400
  
ActionController::RoutingError (No route matches [GET] "/users"):
  
Started GET "/users/new" for ::1 at 2023-08-08 16:06:32 -0400
Processing by UsersController#new as HTML
  [1m[36mUser Load (0.8ms)[0m  [1m[34mSELECT "users".* FROM "users" WHERE "users"."session_token" = $1 LIMIT $2[0m  [["session_token", "[FILTERED]"], ["LIMIT", 1]]
  ↳ app/controllers/application_controller.rb:7:in `current_user'
Redirected to http://localhost:3000/users
Filter chain halted as :require_logged_out rendered or redirected
Completed 302 Found in 7ms (ActiveRecord: 0.8ms | Allocations: 880)


Started GET "/users" for ::1 at 2023-08-08 16:06:32 -0400
  
ActionController::RoutingError (No route matches [GET] "/users"):
  
Started GET "/users/new" for ::1 at 2023-08-08 16:06:56 -0400
  [1m[36mActiveRecord::SchemaMigration Pluck (1.0ms)[0m  [1m[34mSELECT "schema_migrations"."version" FROM "schema_migrations" ORDER BY "schema_migrations"."version" ASC[0m
Processing by UsersController#new as HTML
  [1m[36mUser Load (1.1ms)[0m  [1m[34mSELECT "users".* FROM "users" WHERE "users"."session_token" = $1 LIMIT $2[0m  [["session_token", "[FILTERED]"], ["LIMIT", 1]]
  ↳ app/controllers/application_controller.rb:7:in `current_user'
Redirected to http://localhost:3000/users
Filter chain halted as :require_logged_out rendered or redirected
Completed 302 Found in 14ms (ActiveRecord: 6.8ms | Allocations: 9444)


Started GET "/users" for ::1 at 2023-08-08 16:06:56 -0400
  
ActionController::RoutingError (No route matches [GET] "/users"):
  
Started GET "/users" for ::1 at 2023-08-08 16:07:27 -0400
  
ActionController::RoutingError (No route matches [GET] "/users"):
  
Started GET "/users/new" for ::1 at 2023-08-08 16:07:30 -0400
Processing by UsersController#new as HTML
  [1m[36mUser Load (0.6ms)[0m  [1m[34mSELECT "users".* FROM "users" WHERE "users"."session_token" = $1 LIMIT $2[0m  [["session_token", "[FILTERED]"], ["LIMIT", 1]]
  ↳ app/controllers/application_controller.rb:7:in `current_user'
Redirected to http://localhost:3000/users
Filter chain halted as :require_logged_out rendered or redirected
Completed 302 Found in 4ms (ActiveRecord: 0.6ms | Allocations: 990)


Started GET "/users" for ::1 at 2023-08-08 16:07:30 -0400
  
ActionController::RoutingError (No route matches [GET] "/users"):
  
Started GET "/users/new" for ::1 at 2023-08-08 16:16:57 -0400
  [1m[36mActiveRecord::SchemaMigration Pluck (0.4ms)[0m  [1m[34mSELECT "schema_migrations"."version" FROM "schema_migrations" ORDER BY "schema_migrations"."version" ASC[0m
Processing by UsersController#new as HTML
Completed 500 Internal Server Error in 6ms (ActiveRecord: 0.0ms | Allocations: 6024)



NoMethodError - undefined method `require_logged_out' for #<UsersController:0x00000000004b28>
              target.send(@method_name, &block)
                    ^^^^^
Did you mean?  require_logged_in:

Started POST "/__better_errors/36ec722f9bfea42f/variables" for ::1 at 2023-08-08 16:16:57 -0400
Started GET "/users/new" for ::1 at 2023-08-08 16:17:09 -0400
Processing by UsersController#new as HTML
  Rendering layout layouts/application.html.erb
  Rendering users/new.html.erb within layouts/application
  Rendered users/new.html.erb within layouts/application (Duration: 0.7ms | Allocations: 506)
  Rendered layout layouts/application.html.erb (Duration: 9.7ms | Allocations: 4226)
Completed 200 OK in 27ms (Views: 15.9ms | ActiveRecord: 3.7ms | Allocations: 13757)


Started POST "/users" for ::1 at 2023-08-08 16:17:13 -0400
Processing by UsersController#create as HTML
  Parameters: {"user"=>{"email"=>"asdasd", "password"=>"[FILTERED]"}}
  [1m[36mTRANSACTION (0.2ms)[0m  [1m[35mBEGIN[0m
  ↳ app/controllers/users_controller.rb:18:in `create'
  [1m[36mUser Exists? (1.8ms)[0m  [1m[34mSELECT 1 AS one FROM "users" WHERE "users"."email" = $1 LIMIT $2[0m  [["email", "asdasd"], ["LIMIT", 1]]
  ↳ app/controllers/users_controller.rb:18:in `create'
  [1m[36mUser Exists? (0.2ms)[0m  [1m[34mSELECT 1 AS one FROM "users" WHERE "users"."session_token" = $1 LIMIT $2[0m  [["session_token", "[FILTERED]"], ["LIMIT", 1]]
  ↳ app/controllers/users_controller.rb:18:in `create'
  [1m[36mTRANSACTION (0.1ms)[0m  [1m[31mROLLBACK[0m
  ↳ app/controllers/users_controller.rb:18:in `create'
  Rendering layout layouts/application.html.erb
  Rendering users/new.html.erb within layouts/application
  Rendered users/new.html.erb within layouts/application (Duration: 0.2ms | Allocations: 57)
  Rendered layout layouts/application.html.erb (Duration: 1.3ms | Allocations: 1521)
Completed 200 OK in 256ms (Views: 1.5ms | ActiveRecord: 2.2ms | Allocations: 8294)


Started POST "/users" for ::1 at 2023-08-08 16:18:11 -0400
Processing by UsersController#create as HTML
  Parameters: {"user"=>{"email"=>"dsadsa", "password"=>"[FILTERED]"}}
  [1m[36mTRANSACTION (0.1ms)[0m  [1m[35mBEGIN[0m
  ↳ app/controllers/users_controller.rb:18:in `create'
  [1m[36mUser Exists? (0.4ms)[0m  [1m[34mSELECT 1 AS one FROM "users" WHERE "users"."email" = $1 LIMIT $2[0m  [["email", "dsadsa"], ["LIMIT", 1]]
  ↳ app/controllers/users_controller.rb:18:in `create'
  [1m[36mUser Exists? (0.2ms)[0m  [1m[34mSELECT 1 AS one FROM "users" WHERE "users"."session_token" = $1 LIMIT $2[0m  [["session_token", "[FILTERED]"], ["LIMIT", 1]]
  ↳ app/controllers/users_controller.rb:18:in `create'
  [1m[36mUser Create (0.4ms)[0m  [1m[32mINSERT INTO "users" ("email", "password_digest", "session_token", "created_at", "updated_at") VALUES ($1, $2, $3, $4, $5) RETURNING "id"[0m  [["email", "dsadsa"], ["password_digest", "[FILTERED]"], ["session_token", "[FILTERED]"], ["created_at", "2023-08-08 20:18:12.187476"], ["updated_at", "2023-08-08 20:18:12.187476"]]
  ↳ app/controllers/users_controller.rb:18:in `create'
  [1m[36mTRANSACTION (0.8ms)[0m  [1m[35mCOMMIT[0m
  ↳ app/controllers/users_controller.rb:18:in `create'
  [1m[36mTRANSACTION (0.1ms)[0m  [1m[35mBEGIN[0m
  ↳ app/models/user.rb:39:in `reset_session_token!'
  [1m[36mUser Exists? (0.2ms)[0m  [1m[34mSELECT 1 AS one FROM "users" WHERE "users"."email" = $1 AND "users"."id" != $2 LIMIT $3[0m  [["email", "dsadsa"], ["id", 2], ["LIMIT", 1]]
  ↳ app/models/user.rb:39:in `reset_session_token!'
  [1m[36mUser Exists? (0.1ms)[0m  [1m[34mSELECT 1 AS one FROM "users" WHERE "users"."session_token" = $1 AND "users"."id" != $2 LIMIT $3[0m  [["session_token", "[FILTERED]"], ["id", 2], ["LIMIT", 1]]
  ↳ app/models/user.rb:39:in `reset_session_token!'
  [1m[36mUser Update (0.5ms)[0m  [1m[33mUPDATE "users" SET "session_token" = $1, "updated_at" = $2 WHERE "users"."id" = $3[0m  [["session_token", "[FILTERED]"], ["updated_at", "2023-08-08 20:18:12.191580"], ["id", 2]]
  ↳ app/models/user.rb:39:in `reset_session_token!'
  [1m[36mTRANSACTION (0.1ms)[0m  [1m[35mCOMMIT[0m
  ↳ app/models/user.rb:39:in `reset_session_token!'
Redirected to http://localhost:3000/users/2
Completed 302 Found in 263ms (ActiveRecord: 2.9ms | Allocations: 8746)


Started GET "/users/2" for ::1 at 2023-08-08 16:18:12 -0400
Processing by UsersController#show as HTML
  Parameters: {"id"=>"2"}
  [1m[36mUser Load (0.1ms)[0m  [1m[34mSELECT "users".* FROM "users" WHERE "users"."session_token" = $1 LIMIT $2[0m  [["session_token", "[FILTERED]"], ["LIMIT", 1]]
  ↳ app/controllers/application_controller.rb:7:in `current_user'
Completed 404 Not Found in 1ms (ActiveRecord: 0.2ms | Allocations: 1712)



ActiveRecord::RecordNotFound - Couldn't find User without an ID:
  app/controllers/users_controller.rb:6:in `show'

Started POST "/__better_errors/cf4526f18ce47016/variables" for ::1 at 2023-08-08 16:18:12 -0400
Started GET "/users/2" for ::1 at 2023-08-08 16:19:29 -0400
Processing by UsersController#show as HTML
  Parameters: {"id"=>"2"}
  [1m[36mUser Load (0.2ms)[0m  [1m[34mSELECT "users".* FROM "users" WHERE "users"."session_token" = $1 LIMIT $2[0m  [["session_token", "[FILTERED]"], ["LIMIT", 1]]
  ↳ app/controllers/application_controller.rb:7:in `current_user'
  [1m[36mUser Load (0.1ms)[0m  [1m[34mSELECT "users".* FROM "users" WHERE "users"."email" IS NULL LIMIT $1[0m  [["LIMIT", 1]]
  ↳ app/controllers/users_controller.rb:6:in `show'
  Rendering layout layouts/application.html.erb
  Rendering users/show.html.erb within layouts/application
  Rendered users/show.html.erb within layouts/application (Duration: 2.6ms | Allocations: 3501)
  Rendered layout layouts/application.html.erb (Duration: 2.7ms | Allocations: 3598)
Completed 500 Internal Server Error in 10ms (ActiveRecord: 2.9ms | Allocations: 8735)



NoMethodError - undefined method `email' for nil:NilClass:
  app/views/users/show.html.erb:1
  app/controllers/users_controller.rb:7:in `show'

Started POST "/__better_errors/aa0b571c8a418dd0/variables" for ::1 at 2023-08-08 16:19:29 -0400
Started GET "/users/2" for ::1 at 2023-08-08 16:21:33 -0400
Processing by UsersController#show as HTML
  Parameters: {"id"=>"2"}
  [1m[36mUser Load (0.2ms)[0m  [1m[34mSELECT "users".* FROM "users" WHERE "users"."session_token" = $1 LIMIT $2[0m  [["session_token", "[FILTERED]"], ["LIMIT", 1]]
  ↳ app/controllers/application_controller.rb:7:in `current_user'
  [1m[36mUser Load (0.1ms)[0m  [1m[34mSELECT "users".* FROM "users" WHERE "users"."id" = $1 LIMIT $2[0m  [["id", 2], ["LIMIT", 1]]
  ↳ app/controllers/users_controller.rb:6:in `show'
  Rendering layout layouts/application.html.erb
  Rendering users/show.html.erb within layouts/application
  Rendered users/show.html.erb within layouts/application (Duration: 0.7ms | Allocations: 1636)
  Rendered layout layouts/application.html.erb (Duration: 0.7ms | Allocations: 1725)
Completed 500 Internal Server Error in 8ms (ActiveRecord: 3.2ms | Allocations: 7438)



ActionView::MissingTemplate - Missing partial users/_user, application/_user with {:locale=>[:en], :formats=>[:html], :variants=>[], :handlers=>[:raw, :erb, :html, :builder, :ruby]}.
Searched in:
  * "/Users/sean/Desktop/App Academy/W7/D2/Classwork/practice-for-ch-rails-music-app-long-practice-main/music_app/app/views":
  app/views/users/show.html.erb:3
  app/controllers/users_controller.rb:7:in `show'

Started POST "/__better_errors/6f8fa9437c4409a0/variables" for ::1 at 2023-08-08 16:21:34 -0400
Started GET "/users/2" for ::1 at 2023-08-08 16:21:42 -0400
Processing by UsersController#show as HTML
  Parameters: {"id"=>"2"}
  [1m[36mUser Load (0.5ms)[0m  [1m[34mSELECT "users".* FROM "users" WHERE "users"."session_token" = $1 LIMIT $2[0m  [["session_token", "[FILTERED]"], ["LIMIT", 1]]
  ↳ app/controllers/application_controller.rb:7:in `current_user'
  [1m[36mUser Load (0.5ms)[0m  [1m[34mSELECT "users".* FROM "users" WHERE "users"."id" = $1 LIMIT $2[0m  [["id", 2], ["LIMIT", 1]]
  ↳ app/controllers/users_controller.rb:6:in `show'
  Rendering layout layouts/application.html.erb
  Rendering users/show.html.erb within layouts/application
  Rendered users/show.html.erb within layouts/application (Duration: 2.3ms | Allocations: 1581)
  Rendered layout layouts/application.html.erb (Duration: 2.5ms | Allocations: 1661)
Completed 500 Internal Server Error in 9ms (ActiveRecord: 1.0ms | Allocations: 3215)



ActionView::MissingTemplate - Missing partial users/_user, application/_user with {:locale=>[:en], :formats=>[:html], :variants=>[], :handlers=>[:raw, :erb, :html, :builder, :ruby]}.
Searched in:
  * "/Users/sean/Desktop/App Academy/W7/D2/Classwork/practice-for-ch-rails-music-app-long-practice-main/music_app/app/views":
  app/views/users/show.html.erb:3
  app/controllers/users_controller.rb:7:in `show'

Started POST "/__better_errors/a014eb0784222012/variables" for ::1 at 2023-08-08 16:21:42 -0400
Started GET "/users/2" for ::1 at 2023-08-08 16:22:49 -0400
Processing by UsersController#show as HTML
  Parameters: {"id"=>"2"}
  [1m[36mUser Load (0.3ms)[0m  [1m[34mSELECT "users".* FROM "users" WHERE "users"."session_token" = $1 LIMIT $2[0m  [["session_token", "[FILTERED]"], ["LIMIT", 1]]
  ↳ app/controllers/application_controller.rb:7:in `current_user'
  [1m[36mUser Load (0.3ms)[0m  [1m[34mSELECT "users".* FROM "users" WHERE "users"."id" = $1 LIMIT $2[0m  [["id", 2], ["LIMIT", 1]]
  ↳ app/controllers/users_controller.rb:6:in `show'
  Rendering layout layouts/application.html.erb
  Rendering users/show.html.erb within layouts/application
  Rendered users/show.html.erb within layouts/application (Duration: 0.9ms | Allocations: 134)
  Rendered layout layouts/application.html.erb (Duration: 7.9ms | Allocations: 1534)
Completed 200 OK in 16ms (Views: 11.5ms | ActiveRecord: 0.6ms | Allocations: 3552)


Started GET "/users/2/" for ::1 at 2023-08-08 16:25:52 -0400
Processing by UsersController#show as HTML
  Parameters: {"id"=>"2"}
  [1m[36mUser Load (0.3ms)[0m  [1m[34mSELECT "users".* FROM "users" WHERE "users"."session_token" = $1 LIMIT $2[0m  [["session_token", "[FILTERED]"], ["LIMIT", 1]]
  ↳ app/controllers/application_controller.rb:7:in `current_user'
  [1m[36mUser Load (0.2ms)[0m  [1m[34mSELECT "users".* FROM "users" WHERE "users"."id" = $1 LIMIT $2[0m  [["id", 2], ["LIMIT", 1]]
  ↳ app/controllers/users_controller.rb:6:in `show'
  Rendering layout layouts/application.html.erb
  Rendering users/show.html.erb within layouts/application
  Rendered users/show.html.erb within layouts/application (Duration: 0.1ms | Allocations: 9)
  Rendered layout layouts/application.html.erb (Duration: 4.1ms | Allocations: 1042)
Completed 200 OK in 10ms (Views: 5.5ms | ActiveRecord: 0.5ms | Allocations: 2587)


Started GET "/sessions/destroy" for ::1 at 2023-08-08 16:30:06 -0400
  [1m[36mActiveRecord::SchemaMigration Pluck (0.7ms)[0m  [1m[34mSELECT "schema_migrations"."version" FROM "schema_migrations" ORDER BY "schema_migrations"."version" ASC[0m
  
ActionController::RoutingError (No route matches [GET] "/sessions/destroy"):
  
Started GET "/session/destroy" for ::1 at 2023-08-08 16:30:10 -0400
  
ActionController::RoutingError (No route matches [GET] "/session/destroy"):
  
Started GET "/session" for ::1 at 2023-08-08 16:30:23 -0400
  
ActionController::RoutingError (No route matches [GET] "/session"):
  
Started GET "/sessions" for ::1 at 2023-08-08 16:30:25 -0400
  
ActionController::RoutingError (No route matches [GET] "/sessions"):
  
Started GET "/session/destroy" for ::1 at 2023-08-08 16:30:35 -0400
  
ActionController::RoutingError (No route matches [GET] "/session/destroy"):
  
Started GET "/users/new" for ::1 at 2023-08-08 16:37:30 -0400
  [1m[36mActiveRecord::SchemaMigration Pluck (0.7ms)[0m  [1m[34mSELECT "schema_migrations"."version" FROM "schema_migrations" ORDER BY "schema_migrations"."version" ASC[0m
Processing by UsersController#new as HTML
  Rendering layout layouts/application.html.erb
  Rendering users/new.html.erb within layouts/application
  Rendered users/new.html.erb within layouts/application (Duration: 0.8ms | Allocations: 510)
  Rendered layout layouts/application.html.erb (Duration: 5.0ms | Allocations: 4253)
Completed 200 OK in 19ms (Views: 9.9ms | ActiveRecord: 4.9ms | Allocations: 13809)


Started GET "/sessions/new" for ::1 at 2023-08-08 16:37:36 -0400
  
ActionController::RoutingError (No route matches [GET] "/sessions/new"):
  
Started GET "/session/new" for ::1 at 2023-08-08 16:37:39 -0400
Processing by SessionsController#new as HTML
Completed 500 Internal Server Error in 19ms (ActiveRecord: 0.0ms | Allocations: 5966)



NoMethodError - undefined method `require_logged_out' for #<SessionsController:0x00000000004fd8>
              target.send(@method_name, &block)
                    ^^^^^
Did you mean?  require_logged_in:

Started POST "/__better_errors/509b6febd5ffc4d1/variables" for ::1 at 2023-08-08 16:37:39 -0400
Started GET "/session/new" for ::1 at 2023-08-08 16:38:19 -0400
Processing by SessionsController#new as HTML
  Rendering layout layouts/application.html.erb
  Rendering sessions/new.html.erb within layouts/application
  Rendered sessions/new.html.erb within layouts/application (Duration: 0.4ms | Allocations: 218)
  Rendered layout layouts/application.html.erb (Duration: 1.8ms | Allocations: 1765)
Completed 200 OK in 8ms (Views: 2.6ms | ActiveRecord: 2.7ms | Allocations: 5140)


Started GET "/session/new" for ::1 at 2023-08-08 16:41:57 -0400
  [1m[36mActiveRecord::SchemaMigration Pluck (0.8ms)[0m  [1m[34mSELECT "schema_migrations"."version" FROM "schema_migrations" ORDER BY "schema_migrations"."version" ASC[0m
Processing by SessionsController#new as HTML
  Rendering layout layouts/application.html.erb
  Rendering sessions/new.html.erb within layouts/application
  Rendered sessions/new.html.erb within layouts/application (Duration: 0.8ms | Allocations: 511)
  [1m[36mUser Load (0.8ms)[0m  [1m[34mSELECT "users".* FROM "users" WHERE "users"."session_token" = $1 LIMIT $2[0m  [["session_token", "[FILTERED]"], ["LIMIT", 1]]
  ↳ app/controllers/application_controller.rb:7:in `current_user'
  Rendered layout layouts/application.html.erb (Duration: 9.1ms | Allocations: 8014)
Completed 200 OK in 22ms (Views: 13.0ms | ActiveRecord: 5.5ms | Allocations: 17565)


Started GET "/session/new" for ::1 at 2023-08-08 16:42:24 -0400
Processing by SessionsController#new as HTML
Completed 500 Internal Server Error in 13ms (ActiveRecord: 0.0ms | Allocations: 5928)



NoMethodError - undefined method `require_logged_out' for #<SessionsController:0x00000000005960>
              target.send(@method_name, &block)
                    ^^^^^
Did you mean?  require_logged_in:

Started POST "/__better_errors/415b980b87340daa/variables" for ::1 at 2023-08-08 16:42:24 -0400
Started GET "/session/new" for ::1 at 2023-08-08 16:43:25 -0400
Processing by SessionsController#new as HTML
Completed 500 Internal Server Error in 7ms (ActiveRecord: 0.0ms | Allocations: 5842)



NoMethodError - undefined method `require_logged_out' for #<SessionsController:0x00000000008548>
              target.send(@method_name, &block)
                    ^^^^^
Did you mean?  require_logged_in:

Started POST "/__better_errors/2238087de98c6bbf/variables" for ::1 at 2023-08-08 16:43:25 -0400
Started GET "/session/new" for ::1 at 2023-08-08 16:43:26 -0400
Processing by SessionsController#new as HTML
Completed 500 Internal Server Error in 50ms (ActiveRecord: 0.0ms | Allocations: 5732)



NoMethodError - undefined method `require_logged_out' for #<SessionsController:0x00000000008638>
              target.send(@method_name, &block)
                    ^^^^^
Did you mean?  require_logged_in:

Started POST "/__better_errors/d43ffe23d9b681db/variables" for ::1 at 2023-08-08 16:43:26 -0400
Started GET "/session/new" for ::1 at 2023-08-08 16:43:27 -0400
Processing by SessionsController#new as HTML
Completed 500 Internal Server Error in 18ms (ActiveRecord: 0.0ms | Allocations: 5730)



NoMethodError - undefined method `require_logged_out' for #<SessionsController:0x00000000008700>
              target.send(@method_name, &block)
                    ^^^^^
Did you mean?  require_logged_in:

Started POST "/__better_errors/432c153762d8c3ee/variables" for ::1 at 2023-08-08 16:43:27 -0400
Started GET "/session/new" for ::1 at 2023-08-08 16:43:40 -0400
Processing by SessionsController#new as HTML
Completed 500 Internal Server Error in 7ms (ActiveRecord: 0.0ms | Allocations: 5841)



NoMethodError - undefined method `require_logged_out' for #<SessionsController:0x00000000009088>
              target.send(@method_name, &block)
                    ^^^^^
Did you mean?  require_logged_in:

Started POST "/__better_errors/11b1a981d0cd879c/variables" for ::1 at 2023-08-08 16:43:40 -0400
Started GET "/session/new" for ::1 at 2023-08-08 16:43:41 -0400
Processing by SessionsController#new as HTML
Completed 500 Internal Server Error in 21ms (ActiveRecord: 0.0ms | Allocations: 5727)



NoMethodError - undefined method `require_logged_out' for #<SessionsController:0x00000000009100>
              target.send(@method_name, &block)
                    ^^^^^
Did you mean?  require_logged_in:

Started POST "/__better_errors/6d2a50a5da270261/variables" for ::1 at 2023-08-08 16:43:41 -0400
Started GET "/session/new" for ::1 at 2023-08-08 16:44:04 -0400
Processing by SessionsController#new as HTML
  [1m[36mUser Load (0.3ms)[0m  [1m[34mSELECT "users".* FROM "users" WHERE "users"."session_token" = $1 LIMIT $2[0m  [["session_token", "[FILTERED]"], ["LIMIT", 1]]
  ↳ app/controllers/application_controller.rb:7:in `current_user'
Completed 500 Internal Server Error in 7ms (ActiveRecord: 3.7ms | Allocations: 4840)



ActionController::UrlGenerationError - No route matches {:action=>"show", :controller=>"users"}, missing required keys: [:id]:
  app/controllers/sessions_controller.rb:8:in `new'

Started POST "/__better_errors/0d5ba8ff6dc9bc44/variables" for ::1 at 2023-08-08 16:44:04 -0400
Started GET "/session/new" for ::1 at 2023-08-08 16:44:06 -0400
Processing by SessionsController#new as HTML
  [1m[36mUser Load (0.3ms)[0m  [1m[34mSELECT "users".* FROM "users" WHERE "users"."session_token" = $1 LIMIT $2[0m  [["session_token", "[FILTERED]"], ["LIMIT", 1]]
  ↳ app/controllers/application_controller.rb:7:in `current_user'
Completed 500 Internal Server Error in 3ms (ActiveRecord: 0.3ms | Allocations: 1541)



ActionController::UrlGenerationError - No route matches {:action=>"show", :controller=>"users"}, missing required keys: [:id]:
  app/controllers/sessions_controller.rb:8:in `new'

Started POST "/__better_errors/8ca6b1e3c84619d0/variables" for ::1 at 2023-08-08 16:44:06 -0400
Started GET "/session/new" for ::1 at 2023-08-08 16:44:19 -0400
Processing by SessionsController#new as HTML
  [1m[36mUser Load (0.2ms)[0m  [1m[34mSELECT "users".* FROM "users" WHERE "users"."session_token" = $1 LIMIT $2[0m  [["session_token", "[FILTERED]"], ["LIMIT", 1]]
  ↳ app/controllers/application_controller.rb:7:in `current_user'
Completed 500 Internal Server Error in 7ms (ActiveRecord: 3.9ms | Allocations: 4722)



ActionController::UrlGenerationError - No route matches {:action=>"show", :controller=>"users"}, missing required keys: [:id]:
  app/controllers/sessions_controller.rb:8:in `new'

Started POST "/__better_errors/72d26a37528adf54/variables" for ::1 at 2023-08-08 16:44:19 -0400
Started GET "/session/new" for ::1 at 2023-08-08 16:44:20 -0400
Processing by SessionsController#new as HTML
  [1m[36mUser Load (0.5ms)[0m  [1m[34mSELECT "users".* FROM "users" WHERE "users"."session_token" = $1 LIMIT $2[0m  [["session_token", "[FILTERED]"], ["LIMIT", 1]]
  ↳ app/controllers/application_controller.rb:7:in `current_user'
Completed 500 Internal Server Error in 5ms (ActiveRecord: 0.5ms | Allocations: 1528)



ActionController::UrlGenerationError - No route matches {:action=>"show", :controller=>"users"}, missing required keys: [:id]:
  app/controllers/sessions_controller.rb:8:in `new'

Started POST "/__better_errors/1abf4efb51613821/variables" for ::1 at 2023-08-08 16:44:20 -0400
Started GET "/session/new" for ::1 at 2023-08-08 16:44:30 -0400
Processing by SessionsController#new as HTML
  Rendering layout layouts/application.html.erb
  Rendering sessions/new.html.erb within layouts/application
  Rendered sessions/new.html.erb within layouts/application (Duration: 0.1ms | Allocations: 78)
  [1m[36mUser Load (0.1ms)[0m  [1m[34mSELECT "users".* FROM "users" WHERE "users"."session_token" = $1 LIMIT $2[0m  [["session_token", "[FILTERED]"], ["LIMIT", 1]]
  ↳ app/controllers/application_controller.rb:7:in `current_user'
  Rendered layout layouts/application.html.erb (Duration: 2.0ms | Allocations: 2593)
Completed 200 OK in 7ms (Views: 2.2ms | ActiveRecord: 2.8ms | Allocations: 5823)


Started DELETE "/session" for ::1 at 2023-08-08 16:44:33 -0400
Processing by SessionsController#destroy as HTML
  [1m[36mUser Load (0.3ms)[0m  [1m[34mSELECT "users".* FROM "users" WHERE "users"."session_token" = $1 LIMIT $2[0m  [["session_token", "[FILTERED]"], ["LIMIT", 1]]
  ↳ app/controllers/application_controller.rb:7:in `current_user'
  [1m[36mTRANSACTION (0.6ms)[0m  [1m[35mBEGIN[0m
  ↳ app/models/user.rb:39:in `reset_session_token!'
  [1m[36mUser Exists? (0.8ms)[0m  [1m[34mSELECT 1 AS one FROM "users" WHERE "users"."email" = $1 AND "users"."id" != $2 LIMIT $3[0m  [["email", "dsadsa"], ["id", 2], ["LIMIT", 1]]
  ↳ app/models/user.rb:39:in `reset_session_token!'
  [1m[36mUser Exists? (1.2ms)[0m  [1m[34mSELECT 1 AS one FROM "users" WHERE "users"."session_token" = $1 AND "users"."id" != $2 LIMIT $3[0m  [["session_token", "[FILTERED]"], ["id", 2], ["LIMIT", 1]]
  ↳ app/models/user.rb:39:in `reset_session_token!'
  [1m[36mUser Update (1.0ms)[0m  [1m[33mUPDATE "users" SET "session_token" = $1, "updated_at" = $2 WHERE "users"."id" = $3[0m  [["session_token", "[FILTERED]"], ["updated_at", "2023-08-08 20:44:33.569760"], ["id", 2]]
  ↳ app/models/user.rb:39:in `reset_session_token!'
  [1m[36mTRANSACTION (2.0ms)[0m  [1m[35mCOMMIT[0m
  ↳ app/models/user.rb:39:in `reset_session_token!'
Redirected to http://localhost:3000/session/new
Completed 302 Found in 19ms (ActiveRecord: 5.9ms | Allocations: 6211)


Started GET "/session/new" for ::1 at 2023-08-08 16:44:33 -0400
Processing by SessionsController#new as HTML
  Rendering layout layouts/application.html.erb
  Rendering sessions/new.html.erb within layouts/application
  Rendered sessions/new.html.erb within layouts/application (Duration: 0.1ms | Allocations: 42)
  [1m[36mUser Load (0.2ms)[0m  [1m[34mSELECT "users".* FROM "users" WHERE "users"."session_token" = $1 LIMIT $2[0m  [["session_token", "[FILTERED]"], ["LIMIT", 1]]
  ↳ app/controllers/application_controller.rb:7:in `current_user'
  Rendered layout layouts/application.html.erb (Duration: 2.7ms | Allocations: 2026)
Completed 200 OK in 3ms (Views: 2.7ms | ActiveRecord: 0.2ms | Allocations: 2280)


Started GET "/session/new" for ::1 at 2023-08-08 16:44:35 -0400
Processing by SessionsController#new as HTML
  Rendering layout layouts/application.html.erb
  Rendering sessions/new.html.erb within layouts/application
  Rendered sessions/new.html.erb within layouts/application (Duration: 0.1ms | Allocations: 39)
  [1m[36mUser Load (0.5ms)[0m  [1m[34mSELECT "users".* FROM "users" WHERE "users"."session_token" = $1 LIMIT $2[0m  [["session_token", "[FILTERED]"], ["LIMIT", 1]]
  ↳ app/controllers/application_controller.rb:7:in `current_user'
  Rendered layout layouts/application.html.erb (Duration: 4.7ms | Allocations: 1886)
Completed 200 OK in 5ms (Views: 4.7ms | ActiveRecord: 0.5ms | Allocations: 2091)


Started GET "/users/new" for ::1 at 2023-08-08 16:44:36 -0400
Processing by UsersController#new as HTML
  Rendering layout layouts/application.html.erb
  Rendering users/new.html.erb within layouts/application
  Rendered users/new.html.erb within layouts/application (Duration: 1.1ms | Allocations: 214)
  [1m[36mUser Load (0.4ms)[0m  [1m[34mSELECT "users".* FROM "users" WHERE "users"."session_token" = $1 LIMIT $2[0m  [["session_token", "[FILTERED]"], ["LIMIT", 1]]
  ↳ app/controllers/application_controller.rb:7:in `current_user'
  Rendered layout layouts/application.html.erb (Duration: 8.3ms | Allocations: 2415)
Completed 200 OK in 11ms (Views: 10.2ms | ActiveRecord: 0.4ms | Allocations: 3056)


Started GET "/session/new" for ::1 at 2023-08-08 16:44:37 -0400
Processing by SessionsController#new as HTML
  Rendering layout layouts/application.html.erb
  Rendering sessions/new.html.erb within layouts/application
  Rendered sessions/new.html.erb within layouts/application (Duration: 0.3ms | Allocations: 39)
  [1m[36mUser Load (0.2ms)[0m  [1m[34mSELECT "users".* FROM "users" WHERE "users"."session_token" = $1 LIMIT $2[0m  [["session_token", "[FILTERED]"], ["LIMIT", 1]]
  ↳ app/controllers/application_controller.rb:7:in `current_user'
  Rendered layout layouts/application.html.erb (Duration: 19.0ms | Allocations: 1915)
Completed 200 OK in 20ms (Views: 19.4ms | ActiveRecord: 0.2ms | Allocations: 2141)


Started POST "/session" for ::1 at 2023-08-08 16:44:43 -0400
Processing by SessionsController#create as HTML
  Parameters: {"user"=>{"email"=>"asdasd", "password"=>"[FILTERED]"}}
  [1m[36mUser Load (0.4ms)[0m  [1m[34mSELECT "users".* FROM "users" WHERE "users"."email" = $1 LIMIT $2[0m  [["email", "asdasd"], ["LIMIT", 1]]
  ↳ app/models/user.rb:11:in `find_by_credentials'
Completed 500 Internal Server Error in 266ms (ActiveRecord: 0.4ms | Allocations: 5883)



NameError - undefined local variable or method `nils' for User:Class
Did you mean?  nil
               nil?:
  app/models/user.rb:15:in `find_by_credentials'
  app/controllers/sessions_controller.rb:11:in `create'

Started POST "/__better_errors/d6a0775cacd749d2/variables" for ::1 at 2023-08-08 16:44:43 -0400
Started GET "/users/new" for ::1 at 2023-08-08 16:44:50 -0400
Processing by UsersController#new as HTML
  Rendering layout layouts/application.html.erb
  Rendering users/new.html.erb within layouts/application
  Rendered users/new.html.erb within layouts/application (Duration: 0.2ms | Allocations: 39)
  [1m[36mUser Load (0.3ms)[0m  [1m[34mSELECT "users".* FROM "users" WHERE "users"."session_token" = $1 LIMIT $2[0m  [["session_token", "[FILTERED]"], ["LIMIT", 1]]
  ↳ app/controllers/application_controller.rb:7:in `current_user'
  Rendered layout layouts/application.html.erb (Duration: 7.0ms | Allocations: 1912)
Completed 200 OK in 8ms (Views: 7.3ms | ActiveRecord: 0.3ms | Allocations: 2119)


Started POST "/users" for ::1 at 2023-08-08 16:44:55 -0400
Processing by UsersController#create as HTML
  Parameters: {"user"=>{"email"=>"asdasdasd", "password"=>"[FILTERED]"}}
  [1m[36mTRANSACTION (0.2ms)[0m  [1m[35mBEGIN[0m
  ↳ app/controllers/users_controller.rb:18:in `create'
  [1m[36mUser Exists? (0.4ms)[0m  [1m[34mSELECT 1 AS one FROM "users" WHERE "users"."email" = $1 LIMIT $2[0m  [["email", "asdasdasd"], ["LIMIT", 1]]
  ↳ app/controllers/users_controller.rb:18:in `create'
  [1m[36mUser Exists? (0.2ms)[0m  [1m[34mSELECT 1 AS one FROM "users" WHERE "users"."session_token" = $1 LIMIT $2[0m  [["session_token", "[FILTERED]"], ["LIMIT", 1]]
  ↳ app/controllers/users_controller.rb:18:in `create'
  [1m[36mUser Create (0.4ms)[0m  [1m[32mINSERT INTO "users" ("email", "password_digest", "session_token", "created_at", "updated_at") VALUES ($1, $2, $3, $4, $5) RETURNING "id"[0m  [["email", "asdasdasd"], ["password_digest", "[FILTERED]"], ["session_token", "[FILTERED]"], ["created_at", "2023-08-08 20:44:55.806125"], ["updated_at", "2023-08-08 20:44:55.806125"]]
  ↳ app/controllers/users_controller.rb:18:in `create'
  [1m[36mTRANSACTION (0.5ms)[0m  [1m[35mCOMMIT[0m
  ↳ app/controllers/users_controller.rb:18:in `create'
  [1m[36mTRANSACTION (0.1ms)[0m  [1m[35mBEGIN[0m
  ↳ app/models/user.rb:39:in `reset_session_token!'
  [1m[36mUser Exists? (0.2ms)[0m  [1m[34mSELECT 1 AS one FROM "users" WHERE "users"."email" = $1 AND "users"."id" != $2 LIMIT $3[0m  [["email", "asdasdasd"], ["id", 3], ["LIMIT", 1]]
  ↳ app/models/user.rb:39:in `reset_session_token!'
  [1m[36mUser Exists? (0.2ms)[0m  [1m[34mSELECT 1 AS one FROM "users" WHERE "users"."session_token" = $1 AND "users"."id" != $2 LIMIT $3[0m  [["session_token", "[FILTERED]"], ["id", 3], ["LIMIT", 1]]
  ↳ app/models/user.rb:39:in `reset_session_token!'
  [1m[36mUser Update (0.2ms)[0m  [1m[33mUPDATE "users" SET "session_token" = $1, "updated_at" = $2 WHERE "users"."id" = $3[0m  [["session_token", "[FILTERED]"], ["updated_at", "2023-08-08 20:44:55.809732"], ["id", 3]]
  ↳ app/models/user.rb:39:in `reset_session_token!'
  [1m[36mTRANSACTION (0.2ms)[0m  [1m[35mCOMMIT[0m
  ↳ app/models/user.rb:39:in `reset_session_token!'
Redirected to http://localhost:3000/users/3
Completed 302 Found in 267ms (ActiveRecord: 2.5ms | Allocations: 7440)


Started GET "/users/3" for ::1 at 2023-08-08 16:44:55 -0400
Processing by UsersController#show as HTML
  Parameters: {"id"=>"3"}
  [1m[36mUser Load (0.1ms)[0m  [1m[34mSELECT "users".* FROM "users" WHERE "users"."session_token" = $1 LIMIT $2[0m  [["session_token", "[FILTERED]"], ["LIMIT", 1]]
  ↳ app/controllers/application_controller.rb:7:in `current_user'
  [1m[36mUser Load (0.2ms)[0m  [1m[34mSELECT "users".* FROM "users" WHERE "users"."id" = $1 LIMIT $2[0m  [["id", 3], ["LIMIT", 1]]
  ↳ app/controllers/users_controller.rb:6:in `show'
  Rendering layout layouts/application.html.erb
  Rendering users/show.html.erb within layouts/application
  Rendered users/show.html.erb within layouts/application (Duration: 0.5ms | Allocations: 105)
  Rendered layout layouts/application.html.erb (Duration: 1.3ms | Allocations: 1187)
Completed 200 OK in 3ms (Views: 1.6ms | ActiveRecord: 0.3ms | Allocations: 3544)


Started DELETE "/session" for ::1 at 2023-08-08 16:45:00 -0400
Processing by SessionsController#destroy as HTML
  [1m[36mUser Load (0.4ms)[0m  [1m[34mSELECT "users".* FROM "users" WHERE "users"."session_token" = $1 LIMIT $2[0m  [["session_token", "[FILTERED]"], ["LIMIT", 1]]
  ↳ app/controllers/application_controller.rb:7:in `current_user'
  [1m[36mTRANSACTION (0.5ms)[0m  [1m[35mBEGIN[0m
  ↳ app/models/user.rb:39:in `reset_session_token!'
  [1m[36mUser Exists? (0.6ms)[0m  [1m[34mSELECT 1 AS one FROM "users" WHERE "users"."email" = $1 AND "users"."id" != $2 LIMIT $3[0m  [["email", "asdasdasd"], ["id", 3], ["LIMIT", 1]]
  ↳ app/models/user.rb:39:in `reset_session_token!'
  [1m[36mUser Exists? (0.7ms)[0m  [1m[34mSELECT 1 AS one FROM "users" WHERE "users"."session_token" = $1 AND "users"."id" != $2 LIMIT $3[0m  [["session_token", "[FILTERED]"], ["id", 3], ["LIMIT", 1]]
  ↳ app/models/user.rb:39:in `reset_session_token!'
  [1m[36mUser Update (1.1ms)[0m  [1m[33mUPDATE "users" SET "session_token" = $1, "updated_at" = $2 WHERE "users"."id" = $3[0m  [["session_token", "[FILTERED]"], ["updated_at", "2023-08-08 20:45:00.277102"], ["id", 3]]
  ↳ app/models/user.rb:39:in `reset_session_token!'
  [1m[36mTRANSACTION (0.8ms)[0m  [1m[35mCOMMIT[0m
  ↳ app/models/user.rb:39:in `reset_session_token!'
Redirected to http://localhost:3000/session/new
Completed 302 Found in 19ms (ActiveRecord: 4.1ms | Allocations: 4216)


Started GET "/session/new" for ::1 at 2023-08-08 16:45:00 -0400
Processing by SessionsController#new as HTML
  Rendering layout layouts/application.html.erb
  Rendering sessions/new.html.erb within layouts/application
  Rendered sessions/new.html.erb within layouts/application (Duration: 0.1ms | Allocations: 39)
  [1m[36mUser Load (0.2ms)[0m  [1m[34mSELECT "users".* FROM "users" WHERE "users"."session_token" = $1 LIMIT $2[0m  [["session_token", "[FILTERED]"], ["LIMIT", 1]]
  ↳ app/controllers/application_controller.rb:7:in `current_user'
  Rendered layout layouts/application.html.erb (Duration: 2.4ms | Allocations: 1888)
Completed 200 OK in 3ms (Views: 2.5ms | ActiveRecord: 0.2ms | Allocations: 2092)


Started POST "/session" for ::1 at 2023-08-08 16:45:02 -0400
Processing by SessionsController#create as HTML
  Parameters: {"user"=>{"email"=>"asdasdasd", "password"=>"[FILTERED]"}}
  [1m[36mUser Load (0.6ms)[0m  [1m[34mSELECT "users".* FROM "users" WHERE "users"."email" = $1 LIMIT $2[0m  [["email", "asdasdasd"], ["LIMIT", 1]]
  ↳ app/models/user.rb:11:in `find_by_credentials'
  [1m[36mTRANSACTION (0.3ms)[0m  [1m[35mBEGIN[0m
  ↳ app/models/user.rb:39:in `reset_session_token!'
  [1m[36mUser Exists? (0.6ms)[0m  [1m[34mSELECT 1 AS one FROM "users" WHERE "users"."email" = $1 AND "users"."id" != $2 LIMIT $3[0m  [["email", "asdasdasd"], ["id", 3], ["LIMIT", 1]]
  ↳ app/models/user.rb:39:in `reset_session_token!'
  [1m[36mUser Exists? (0.3ms)[0m  [1m[34mSELECT 1 AS one FROM "users" WHERE "users"."session_token" = $1 AND "users"."id" != $2 LIMIT $3[0m  [["session_token", "[FILTERED]"], ["id", 3], ["LIMIT", 1]]
  ↳ app/models/user.rb:39:in `reset_session_token!'
  [1m[36mUser Update (0.3ms)[0m  [1m[33mUPDATE "users" SET "session_token" = $1, "updated_at" = $2 WHERE "users"."id" = $3[0m  [["session_token", "[FILTERED]"], ["updated_at", "2023-08-08 20:45:02.507170"], ["id", 3]]
  ↳ app/models/user.rb:39:in `reset_session_token!'
  [1m[36mTRANSACTION (0.7ms)[0m  [1m[35mCOMMIT[0m
  ↳ app/models/user.rb:39:in `reset_session_token!'
Completed 500 Internal Server Error in 265ms (ActiveRecord: 2.7ms | Allocations: 4909)



ActionController::UrlGenerationError - No route matches {:action=>"show", :controller=>"users"}, missing required keys: [:id]:
  app/controllers/sessions_controller.rb:17:in `create'

Started POST "/__better_errors/b8d9c137f4c0e279/variables" for ::1 at 2023-08-08 16:45:02 -0400
Started GET "/session/new" for ::1 at 2023-08-08 16:45:21 -0400
Processing by SessionsController#new as HTML
  Rendering layout layouts/application.html.erb
  Rendering sessions/new.html.erb within layouts/application
  Rendered sessions/new.html.erb within layouts/application (Duration: 0.1ms | Allocations: 78)
  [1m[36mUser Load (0.2ms)[0m  [1m[34mSELECT "users".* FROM "users" WHERE "users"."session_token" = $1 LIMIT $2[0m  [["session_token", "[FILTERED]"], ["LIMIT", 1]]
  ↳ app/controllers/application_controller.rb:7:in `current_user'
  Rendered layout layouts/application.html.erb (Duration: 2.0ms | Allocations: 2567)
Completed 200 OK in 9ms (Views: 2.3ms | ActiveRecord: 4.0ms | Allocations: 5827)


Started POST "/session" for ::1 at 2023-08-08 16:45:23 -0400
Processing by SessionsController#create as HTML
  Parameters: {"user"=>{"email"=>"asdasdasd", "password"=>"[FILTERED]"}}
  [1m[36mUser Load (0.5ms)[0m  [1m[34mSELECT "users".* FROM "users" WHERE "users"."email" = $1 LIMIT $2[0m  [["email", "asdasdasd"], ["LIMIT", 1]]
  ↳ app/models/user.rb:11:in `find_by_credentials'
  [1m[36mTRANSACTION (0.2ms)[0m  [1m[35mBEGIN[0m
  ↳ app/models/user.rb:39:in `reset_session_token!'
  [1m[36mUser Exists? (0.5ms)[0m  [1m[34mSELECT 1 AS one FROM "users" WHERE "users"."email" = $1 AND "users"."id" != $2 LIMIT $3[0m  [["email", "asdasdasd"], ["id", 3], ["LIMIT", 1]]
  ↳ app/models/user.rb:39:in `reset_session_token!'
  [1m[36mUser Exists? (0.2ms)[0m  [1m[34mSELECT 1 AS one FROM "users" WHERE "users"."session_token" = $1 AND "users"."id" != $2 LIMIT $3[0m  [["session_token", "[FILTERED]"], ["id", 3], ["LIMIT", 1]]
  ↳ app/models/user.rb:39:in `reset_session_token!'
  [1m[36mUser Update (0.3ms)[0m  [1m[33mUPDATE "users" SET "session_token" = $1, "updated_at" = $2 WHERE "users"."id" = $3[0m  [["session_token", "[FILTERED]"], ["updated_at", "2023-08-08 20:45:23.760743"], ["id", 3]]
  ↳ app/models/user.rb:39:in `reset_session_token!'
  [1m[36mTRANSACTION (0.7ms)[0m  [1m[35mCOMMIT[0m
  ↳ app/models/user.rb:39:in `reset_session_token!'
Completed 500 Internal Server Error in 261ms (ActiveRecord: 2.4ms | Allocations: 5411)



ActionController::UrlGenerationError - No route matches {:action=>"show", :controller=>"users"}, missing required keys: [:id]:
  app/controllers/sessions_controller.rb:17:in `create'

Started POST "/__better_errors/275315476e4bdda2/variables" for ::1 at 2023-08-08 16:45:23 -0400
Started GET "/session" for ::1 at 2023-08-08 16:45:49 -0400
  
ActionController::RoutingError (No route matches [GET] "/session"):
  
Started GET "/session/new" for ::1 at 2023-08-08 16:45:53 -0400
Processing by SessionsController#new as HTML
  Rendering layout layouts/application.html.erb
  Rendering sessions/new.html.erb within layouts/application
  Rendered sessions/new.html.erb within layouts/application (Duration: 0.3ms | Allocations: 51)
  [1m[36mUser Load (0.3ms)[0m  [1m[34mSELECT "users".* FROM "users" WHERE "users"."session_token" = $1 LIMIT $2[0m  [["session_token", "[FILTERED]"], ["LIMIT", 1]]
  ↳ app/controllers/application_controller.rb:7:in `current_user'
  Rendered layout layouts/application.html.erb (Duration: 7.9ms | Allocations: 2096)
Completed 200 OK in 9ms (Views: 8.6ms | ActiveRecord: 0.3ms | Allocations: 2354)


Started POST "/session" for ::1 at 2023-08-08 16:45:57 -0400
Processing by SessionsController#create as HTML
  Parameters: {"user"=>{"email"=>"asdasdasd", "password"=>"[FILTERED]"}}
  [1m[36mUser Load (0.5ms)[0m  [1m[34mSELECT "users".* FROM "users" WHERE "users"."email" = $1 LIMIT $2[0m  [["email", "asdasdasd"], ["LIMIT", 1]]
  ↳ app/models/user.rb:11:in `find_by_credentials'
  [1m[36mTRANSACTION (0.3ms)[0m  [1m[35mBEGIN[0m
  ↳ app/models/user.rb:39:in `reset_session_token!'
  [1m[36mUser Exists? (0.4ms)[0m  [1m[34mSELECT 1 AS one FROM "users" WHERE "users"."email" = $1 AND "users"."id" != $2 LIMIT $3[0m  [["email", "asdasdasd"], ["id", 3], ["LIMIT", 1]]
  ↳ app/models/user.rb:39:in `reset_session_token!'
  [1m[36mUser Exists? (0.2ms)[0m  [1m[34mSELECT 1 AS one FROM "users" WHERE "users"."session_token" = $1 AND "users"."id" != $2 LIMIT $3[0m  [["session_token", "[FILTERED]"], ["id", 3], ["LIMIT", 1]]
  ↳ app/models/user.rb:39:in `reset_session_token!'
  [1m[36mUser Update (0.3ms)[0m  [1m[33mUPDATE "users" SET "session_token" = $1, "updated_at" = $2 WHERE "users"."id" = $3[0m  [["session_token", "[FILTERED]"], ["updated_at", "2023-08-08 20:45:57.654452"], ["id", 3]]
  ↳ app/models/user.rb:39:in `reset_session_token!'
  [1m[36mTRANSACTION (0.7ms)[0m  [1m[35mCOMMIT[0m
  ↳ app/models/user.rb:39:in `reset_session_token!'
Completed 500 Internal Server Error in 264ms (ActiveRecord: 2.4ms | Allocations: 5080)



ActionController::UrlGenerationError - No route matches {:action=>"show", :controller=>"users"}, missing required keys: [:id]:
  app/controllers/sessions_controller.rb:17:in `create'

Started POST "/__better_errors/9ca2212e5cb83127/variables" for ::1 at 2023-08-08 16:45:57 -0400
Started GET "/session/new" for ::1 at 2023-08-08 16:46:53 -0400
Processing by SessionsController#new as HTML
  Rendering layout layouts/application.html.erb
  Rendering sessions/new.html.erb within layouts/application
  Rendered sessions/new.html.erb within layouts/application (Duration: 0.1ms | Allocations: 78)
  [1m[36mUser Load (0.1ms)[0m  [1m[34mSELECT "users".* FROM "users" WHERE "users"."session_token" = $1 LIMIT $2[0m  [["session_token", "[FILTERED]"], ["LIMIT", 1]]
  ↳ app/controllers/application_controller.rb:7:in `current_user'
  Rendered layout layouts/application.html.erb (Duration: 2.3ms | Allocations: 2570)
Completed 200 OK in 7ms (Views: 2.6ms | ActiveRecord: 2.6ms | Allocations: 5831)


Started POST "/session" for ::1 at 2023-08-08 16:46:54 -0400
Processing by SessionsController#create as HTML
  Parameters: {"user"=>{"email"=>"asdasdasd", "password"=>"[FILTERED]"}}
  [1m[36mUser Load (0.5ms)[0m  [1m[34mSELECT "users".* FROM "users" WHERE "users"."email" = $1 LIMIT $2[0m  [["email", "asdasdasd"], ["LIMIT", 1]]
  ↳ app/models/user.rb:11:in `find_by_credentials'
  [1m[36mTRANSACTION (0.2ms)[0m  [1m[35mBEGIN[0m
  ↳ app/models/user.rb:39:in `reset_session_token!'
  [1m[36mUser Exists? (0.4ms)[0m  [1m[34mSELECT 1 AS one FROM "users" WHERE "users"."email" = $1 AND "users"."id" != $2 LIMIT $3[0m  [["email", "asdasdasd"], ["id", 3], ["LIMIT", 1]]
  ↳ app/models/user.rb:39:in `reset_session_token!'
  [1m[36mUser Exists? (0.3ms)[0m  [1m[34mSELECT 1 AS one FROM "users" WHERE "users"."session_token" = $1 AND "users"."id" != $2 LIMIT $3[0m  [["session_token", "[FILTERED]"], ["id", 3], ["LIMIT", 1]]
  ↳ app/models/user.rb:39:in `reset_session_token!'
  [1m[36mUser Update (0.3ms)[0m  [1m[33mUPDATE "users" SET "session_token" = $1, "updated_at" = $2 WHERE "users"."id" = $3[0m  [["session_token", "[FILTERED]"], ["updated_at", "2023-08-08 20:46:54.662007"], ["id", 3]]
  ↳ app/models/user.rb:39:in `reset_session_token!'
  [1m[36mTRANSACTION (0.6ms)[0m  [1m[35mCOMMIT[0m
  ↳ app/models/user.rb:39:in `reset_session_token!'
Redirected to http://localhost:3000/users/3
Completed 302 Found in 261ms (ActiveRecord: 2.3ms | Allocations: 4754)


Started GET "/users/3" for ::1 at 2023-08-08 16:46:54 -0400
Processing by UsersController#show as HTML
  Parameters: {"id"=>"3"}
  [1m[36mUser Load (0.1ms)[0m  [1m[34mSELECT "users".* FROM "users" WHERE "users"."session_token" = $1 LIMIT $2[0m  [["session_token", "[FILTERED]"], ["LIMIT", 1]]
  ↳ app/controllers/application_controller.rb:7:in `current_user'
  [1m[36mUser Load (0.2ms)[0m  [1m[34mSELECT "users".* FROM "users" WHERE "users"."id" = $1 LIMIT $2[0m  [["id", 3], ["LIMIT", 1]]
  ↳ app/controllers/users_controller.rb:6:in `show'
  Rendering layout layouts/application.html.erb
  Rendering users/show.html.erb within layouts/application
  Rendered users/show.html.erb within layouts/application (Duration: 0.0ms | Allocations: 17)
  Rendered layout layouts/application.html.erb (Duration: 1.1ms | Allocations: 1337)
Completed 200 OK in 3ms (Views: 1.5ms | ActiveRecord: 0.3ms | Allocations: 4164)


Started DELETE "/session" for ::1 at 2023-08-08 16:46:59 -0400
Processing by SessionsController#destroy as HTML
  [1m[36mUser Load (0.2ms)[0m  [1m[34mSELECT "users".* FROM "users" WHERE "users"."session_token" = $1 LIMIT $2[0m  [["session_token", "[FILTERED]"], ["LIMIT", 1]]
  ↳ app/controllers/application_controller.rb:7:in `current_user'
  [1m[36mTRANSACTION (0.1ms)[0m  [1m[35mBEGIN[0m
  ↳ app/models/user.rb:39:in `reset_session_token!'
  [1m[36mUser Exists? (0.4ms)[0m  [1m[34mSELECT 1 AS one FROM "users" WHERE "users"."email" = $1 AND "users"."id" != $2 LIMIT $3[0m  [["email", "asdasdasd"], ["id", 3], ["LIMIT", 1]]
  ↳ app/models/user.rb:39:in `reset_session_token!'
  [1m[36mUser Exists? (0.2ms)[0m  [1m[34mSELECT 1 AS one FROM "users" WHERE "users"."session_token" = $1 AND "users"."id" != $2 LIMIT $3[0m  [["session_token", "[FILTERED]"], ["id", 3], ["LIMIT", 1]]
  ↳ app/models/user.rb:39:in `reset_session_token!'
  [1m[36mUser Update (0.3ms)[0m  [1m[33mUPDATE "users" SET "session_token" = $1, "updated_at" = $2 WHERE "users"."id" = $3[0m  [["session_token", "[FILTERED]"], ["updated_at", "2023-08-08 20:46:59.200000"], ["id", 3]]
  ↳ app/models/user.rb:39:in `reset_session_token!'
  [1m[36mTRANSACTION (0.7ms)[0m  [1m[35mCOMMIT[0m
  ↳ app/models/user.rb:39:in `reset_session_token!'
Redirected to http://localhost:3000/session/new
Completed 302 Found in 9ms (ActiveRecord: 1.9ms | Allocations: 4479)


Started GET "/session/new" for ::1 at 2023-08-08 16:46:59 -0400
Processing by SessionsController#new as HTML
  Rendering layout layouts/application.html.erb
  Rendering sessions/new.html.erb within layouts/application
  Rendered sessions/new.html.erb within layouts/application (Duration: 0.1ms | Allocations: 39)
  [1m[36mUser Load (0.2ms)[0m  [1m[34mSELECT "users".* FROM "users" WHERE "users"."session_token" = $1 LIMIT $2[0m  [["session_token", "[FILTERED]"], ["LIMIT", 1]]
  ↳ app/controllers/application_controller.rb:7:in `current_user'
  Rendered layout layouts/application.html.erb (Duration: 3.3ms | Allocations: 1901)
Completed 200 OK in 4ms (Views: 3.5ms | ActiveRecord: 0.2ms | Allocations: 2127)


Started POST "/session" for ::1 at 2023-08-08 16:47:21 -0400
Processing by SessionsController#create as HTML
  Parameters: {"user"=>{"email"=>"asdasdasd", "password"=>"[FILTERED]"}}
  [1m[36mUser Load (0.4ms)[0m  [1m[34mSELECT "users".* FROM "users" WHERE "users"."email" = $1 LIMIT $2[0m  [["email", "asdasdasd"], ["LIMIT", 1]]
  ↳ app/models/user.rb:11:in `find_by_credentials'
  [1m[36mTRANSACTION (0.2ms)[0m  [1m[35mBEGIN[0m
  ↳ app/models/user.rb:39:in `reset_session_token!'
  [1m[36mUser Exists? (0.5ms)[0m  [1m[34mSELECT 1 AS one FROM "users" WHERE "users"."email" = $1 AND "users"."id" != $2 LIMIT $3[0m  [["email", "asdasdasd"], ["id", 3], ["LIMIT", 1]]
  ↳ app/models/user.rb:39:in `reset_session_token!'
  [1m[36mUser Exists? (0.2ms)[0m  [1m[34mSELECT 1 AS one FROM "users" WHERE "users"."session_token" = $1 AND "users"."id" != $2 LIMIT $3[0m  [["session_token", "[FILTERED]"], ["id", 3], ["LIMIT", 1]]
  ↳ app/models/user.rb:39:in `reset_session_token!'
  [1m[36mUser Update (0.3ms)[0m  [1m[33mUPDATE "users" SET "session_token" = $1, "updated_at" = $2 WHERE "users"."id" = $3[0m  [["session_token", "[FILTERED]"], ["updated_at", "2023-08-08 20:47:22.025075"], ["id", 3]]
  ↳ app/models/user.rb:39:in `reset_session_token!'
  [1m[36mTRANSACTION (0.5ms)[0m  [1m[35mCOMMIT[0m
  ↳ app/models/user.rb:39:in `reset_session_token!'
Redirected to http://localhost:3000/users/3
Completed 302 Found in 266ms (ActiveRecord: 2.3ms | Allocations: 4249)


Started GET "/users/3" for ::1 at 2023-08-08 16:47:22 -0400
Processing by UsersController#show as HTML
  Parameters: {"id"=>"3"}
  [1m[36mUser Load (0.1ms)[0m  [1m[34mSELECT "users".* FROM "users" WHERE "users"."session_token" = $1 LIMIT $2[0m  [["session_token", "[FILTERED]"], ["LIMIT", 1]]
  ↳ app/controllers/application_controller.rb:7:in `current_user'
  [1m[36mUser Load (0.2ms)[0m  [1m[34mSELECT "users".* FROM "users" WHERE "users"."id" = $1 LIMIT $2[0m  [["id", 3], ["LIMIT", 1]]
  ↳ app/controllers/users_controller.rb:6:in `show'
  Rendering layout layouts/application.html.erb
  Rendering users/show.html.erb within layouts/application
  Rendered users/show.html.erb within layouts/application (Duration: 0.0ms | Allocations: 9)
  Rendered layout layouts/application.html.erb (Duration: 0.8ms | Allocations: 1080)
Completed 200 OK in 2ms (Views: 1.0ms | ActiveRecord: 0.3ms | Allocations: 2508)


Started DELETE "/session" for ::1 at 2023-08-08 16:47:55 -0400
Processing by SessionsController#destroy as HTML
  [1m[36mUser Load (0.4ms)[0m  [1m[34mSELECT "users".* FROM "users" WHERE "users"."session_token" = $1 LIMIT $2[0m  [["session_token", "[FILTERED]"], ["LIMIT", 1]]
  ↳ app/controllers/application_controller.rb:7:in `current_user'
  [1m[36mTRANSACTION (0.2ms)[0m  [1m[35mBEGIN[0m
  ↳ app/models/user.rb:39:in `reset_session_token!'
  [1m[36mUser Exists? (0.5ms)[0m  [1m[34mSELECT 1 AS one FROM "users" WHERE "users"."email" = $1 AND "users"."id" != $2 LIMIT $3[0m  [["email", "asdasdasd"], ["id", 3], ["LIMIT", 1]]
  ↳ app/models/user.rb:39:in `reset_session_token!'
  [1m[36mUser Exists? (0.7ms)[0m  [1m[34mSELECT 1 AS one FROM "users" WHERE "users"."session_token" = $1 AND "users"."id" != $2 LIMIT $3[0m  [["session_token", "[FILTERED]"], ["id", 3], ["LIMIT", 1]]
  ↳ app/models/user.rb:39:in `reset_session_token!'
  [1m[36mUser Update (0.6ms)[0m  [1m[33mUPDATE "users" SET "session_token" = $1, "updated_at" = $2 WHERE "users"."id" = $3[0m  [["session_token", "[FILTERED]"], ["updated_at", "2023-08-08 20:47:55.214198"], ["id", 3]]
  ↳ app/models/user.rb:39:in `reset_session_token!'
  [1m[36mTRANSACTION (0.6ms)[0m  [1m[35mCOMMIT[0m
  ↳ app/models/user.rb:39:in `reset_session_token!'
Redirected to http://localhost:3000/session/new
Completed 302 Found in 17ms (ActiveRecord: 2.9ms | Allocations: 4219)


Started GET "/session/new" for ::1 at 2023-08-08 16:47:55 -0400
Processing by SessionsController#new as HTML
  Rendering layout layouts/application.html.erb
  Rendering sessions/new.html.erb within layouts/application
  Rendered sessions/new.html.erb within layouts/application (Duration: 0.2ms | Allocations: 39)
  [1m[36mUser Load (0.3ms)[0m  [1m[34mSELECT "users".* FROM "users" WHERE "users"."session_token" = $1 LIMIT $2[0m  [["session_token", "[FILTERED]"], ["LIMIT", 1]]
  ↳ app/controllers/application_controller.rb:7:in `current_user'
  Rendered layout layouts/application.html.erb (Duration: 4.0ms | Allocations: 1885)
Completed 200 OK in 5ms (Views: 4.1ms | ActiveRecord: 0.3ms | Allocations: 2089)


